<?xml version="1.0" encoding="utf-8" ?>
<!DOCTYPE html PUBLIC "-//W3C//DTD XHTML 1.0 Strict//EN"
        "http://www.w3.org/TR/xhtml1/DTD/xhtml1-strict.dtd">
<html xmlns="http://www.w3.org/1999/xhtml" xml:lang="" lang="">
<head>
  <title>Test Results Report - Registration</title>
  <meta http-equiv="Content-Type" content="text/html;charset=utf-8" />
  <meta name="description" content="TestNG unit test results." />
  <link href="reportng.css" rel="stylesheet" type="text/css" />
    <script type="text/javascript" src="reportng.js"></script>
</head>
<body>
<h1>Registration</h1>
<p>
  Test duration: 103.094s
</p>

  <table class="resultsTable configTable">
    <tr><th colspan="3" class="header failedConfig">Failed Configuration</th></tr>
              <tr class="group">
        <td colspan="3">Com.smartshop2.Appium_SmartTests2.tests.TestRegisterInterest</td>
      </tr>
            
<tr>
  <td class="method">
                  setUp
      </td>
  <td class="duration">
    0.000s
  </td>
  <td class="result">
        
    
        

        <a href="javascript:toggleElement('exception-0', 'block')" title="Click to expand/collapse"><b>org.openqa.selenium.WebDriverException: An unknown server-side error occurred while processing the command. Original error: Error executing adbExec. Original error: Command &apos;/Users/sandeepgangireddy/Library/Android/sdk/platform-tools/adb -P 5037 -s 8e71d3c1 install /usr/local/lib/node_modules/appium/node_modules/appium-android-driver/node_modules/appium-unlock/bin/unlock_apk-debug.apk&apos; timed out after 60000ms{&quot;stdout&quot;:&quot;&quot;,&quot;stderr&quot;:&quot;error: device not found\n- waiting for device -\n&quot;,&quot;code&quot;:null} (WARNING: The server did not provide any stacktrace information)<br/>
Command duration or timeout: 122.59 seconds<br/>
Build info: version: &apos;2.53.0&apos;, revision: &apos;35ae25b1534ae328c771e0856c93e187490ca824&apos;, time: &apos;2016-03-15 10:43:46&apos;<br/>
System info: host: &apos;SANDEEPs-MacBook-Pro-2.local&apos;, ip: &apos;172.24.80.191&apos;, os.name: &apos;Mac OS X&apos;, os.arch: &apos;x86_64&apos;, os.version: &apos;10.9.5&apos;, java.version: &apos;1.8.0_31&apos;<br/>
Driver info: io.appium.java_client.android.AndroidDriver</b></a><br />
    <div class="stackTrace" id="exception-0">
              sun.reflect.NativeConstructorAccessorImpl.newInstance0(Native Method)<br />
              sun.reflect.NativeConstructorAccessorImpl.newInstance(NativeConstructorAccessorImpl.java:62)<br />
              sun.reflect.DelegatingConstructorAccessorImpl.newInstance(DelegatingConstructorAccessorImpl.java:45)<br />
              java.lang.reflect.Constructor.newInstance(Constructor.java:408)<br />
              org.openqa.selenium.remote.ErrorHandler.createThrowable(ErrorHandler.java:206)<br />
              org.openqa.selenium.remote.ErrorHandler.throwIfResponseFailed(ErrorHandler.java:158)<br />
              org.openqa.selenium.remote.RemoteWebDriver.execute(RemoteWebDriver.java:678)<br />
              io.appium.java_client.DefaultGenericMobileDriver.execute(DefaultGenericMobileDriver.java:43)<br />
              io.appium.java_client.AppiumDriver.execute(AppiumDriver.java:1)<br />
              io.appium.java_client.android.AndroidDriver.execute(AndroidDriver.java:1)<br />
              org.openqa.selenium.remote.RemoteWebDriver.startSession(RemoteWebDriver.java:249)<br />
              org.openqa.selenium.remote.RemoteWebDriver.&lt;init&gt;(RemoteWebDriver.java:131)<br />
              org.openqa.selenium.remote.RemoteWebDriver.&lt;init&gt;(RemoteWebDriver.java:144)<br />
              io.appium.java_client.DefaultGenericMobileDriver.&lt;init&gt;(DefaultGenericMobileDriver.java:39)<br />
              io.appium.java_client.AppiumDriver.&lt;init&gt;(AppiumDriver.java:69)<br />
              io.appium.java_client.AppiumDriver.&lt;init&gt;(AppiumDriver.java:78)<br />
              io.appium.java_client.android.AndroidDriver.&lt;init&gt;(AndroidDriver.java:67)<br />
              Com.smartshop2.Appium_SmartTests2.tests.TestBase.setUp(TestBase.java:80)<br />
              sun.reflect.NativeMethodAccessorImpl.invoke0(Native Method)<br />
              sun.reflect.NativeMethodAccessorImpl.invoke(NativeMethodAccessorImpl.java:62)<br />
              sun.reflect.DelegatingMethodAccessorImpl.invoke(DelegatingMethodAccessorImpl.java:43)<br />
              java.lang.reflect.Method.invoke(Method.java:483)<br />
              org.testng.internal.MethodInvocationHelper.invokeMethod(MethodInvocationHelper.java:84)<br />
              org.testng.internal.Invoker.invokeConfigurationMethod(Invoker.java:564)<br />
              org.testng.internal.Invoker.invokeConfigurations(Invoker.java:213)<br />
              org.testng.internal.Invoker.invokeMethod(Invoker.java:653)<br />
              org.testng.internal.Invoker.invokeTestMethod(Invoker.java:901)<br />
              org.testng.internal.Invoker.invokeTestMethods(Invoker.java:1231)<br />
              org.testng.internal.TestMethodWorker.invokeTestMethods(TestMethodWorker.java:127)<br />
              org.testng.internal.TestMethodWorker.run(TestMethodWorker.java:111)<br />
              org.testng.TestRunner.privateRun(TestRunner.java:767)<br />
              org.testng.TestRunner.run(TestRunner.java:617)<br />
              org.testng.SuiteRunner.runTest(SuiteRunner.java:334)<br />
              org.testng.SuiteRunner.runSequentially(SuiteRunner.java:329)<br />
              org.testng.SuiteRunner.privateRun(SuiteRunner.java:291)<br />
              org.testng.SuiteRunner.run(SuiteRunner.java:240)<br />
              org.testng.SuiteRunnerWorker.runSuite(SuiteRunnerWorker.java:52)<br />
              org.testng.SuiteRunnerWorker.run(SuiteRunnerWorker.java:86)<br />
              org.testng.TestNG.runSuitesSequentially(TestNG.java:1224)<br />
              org.testng.TestNG.runSuitesLocally(TestNG.java:1149)<br />
              org.testng.TestNG.run(TestNG.java:1057)<br />
              org.testng.remote.RemoteTestNG.run(RemoteTestNG.java:111)<br />
              org.testng.remote.RemoteTestNG.initAndRun(RemoteTestNG.java:204)<br />
              org.testng.remote.RemoteTestNG.main(RemoteTestNG.java:175)<br />
                </div>
      </td>
</tr>
    
          <tr><td colspan="3">&nbsp;</td></tr>
      <tr><td colspan="3" class="header skippedConfig">Skipped Configuration</td></tr>
                    <tr>
          <td colspan="3" class="group">Com.smartshop2.Appium_SmartTests2.tests.TestAddNecterafterRegistration</td>
        </tr>
                
<tr>
  <td class="method">
                  setUp
      </td>
  <td class="duration">
    0.000s
  </td>
  <td class="result">
                               
    
        

      </td>
</tr>
<tr>
  <td class="method">
                  tearDown
      </td>
  <td class="duration">
    0.000s
  </td>
  <td class="result">
                               
    
        

      </td>
</tr>
              <tr>
          <td colspan="3" class="group">Com.smartshop2.Appium_SmartTests2.tests.TestEmailAddressAlredyRegistered</td>
        </tr>
                
<tr>
  <td class="method">
                  setUp
      </td>
  <td class="duration">
    0.000s
  </td>
  <td class="result">
                               
    
        

      </td>
</tr>
<tr>
  <td class="method">
                  tearDown
      </td>
  <td class="duration">
    0.000s
  </td>
  <td class="result">
                               
    
        

      </td>
</tr>
              <tr>
          <td colspan="3" class="group">Com.smartshop2.Appium_SmartTests2.tests.TestRegisterInterest</td>
        </tr>
                
<tr>
  <td class="method">
                  tearDown
      </td>
  <td class="duration">
    0.000s
  </td>
  <td class="result">
                               
    
        

      </td>
</tr>
            </table>


  <table class="resultsTable">
    <tr><th colspan="3" class="header failed">Failed Tests</th></tr>
          <tr>
        <td colspan="3" class="group">Com.smartshop2.Appium_SmartTests2.tests.TestRegistration</td>
      </tr>
            
<tr>
  <td class="method">
                  testswipe
      </td>
  <td class="duration">
    71.611s
  </td>
  <td class="result">
        
    
            <div class="testOutput">
                        <p>1. <b>swipe:</b> swpie the screens</p>
                                <p>2. <b>Home:</b> click on signup button</p>
                                <p>3. <b>Store:</b> select store from registration</p>
                                <p>4. <b>new Registration:</b> create new registration and click signup</p>
                                <img alt="screenshot" src="ss_testswipe.png" height="420" width="auto"/>
                  </div>
    

        <a href="javascript:toggleElement('exception-5', 'block')" title="Click to expand/collapse"><b>org.openqa.selenium.NoSuchElementException: An element could not be located on the page using the given search parameters. (WARNING: The server did not provide any stacktrace information)<br/>
Command duration or timeout: 37.58 seconds<br/>
For documentation on this error, please visit: http://seleniumhq.org/exceptions/no_such_element.html<br/>
Build info: version: &apos;2.53.0&apos;, revision: &apos;35ae25b1534ae328c771e0856c93e187490ca824&apos;, time: &apos;2016-03-15 10:43:46&apos;<br/>
System info: host: &apos;SANDEEPs-MacBook-Pro-2.local&apos;, ip: &apos;172.24.80.191&apos;, os.name: &apos;Mac OS X&apos;, os.arch: &apos;x86_64&apos;, os.version: &apos;10.9.5&apos;, java.version: &apos;1.8.0_31&apos;<br/>
Driver info: io.appium.java_client.android.AndroidDriver<br/>
Capabilities [{app=/Users/sandeepgangireddy/Downloads/0005-smart_shop_mobile-2.2.1_BUILD_0005-autoqa.apk, appPackage=com.sainsburys.ssa.auto_qa, networkConnectionEnabled=true, warnings={}, databaseEnabled=false, deviceName=8e71d3c1, platform=LINUX, deviceUDID=8e71d3c1, appActivity=com.sainsburys.ssa.activities.LauncherActivity, desired={app=/Users/sandeepgangireddy/Downloads/0005-smart_shop_mobile-2.2.1_BUILD_0005-autoqa.apk, appPackage=com.sainsburys.ssa.auto_qa, appActivity=com.sainsburys.ssa.activities.LauncherActivity, platformName=Android, deviceName=Android Device}, platformVersion=6.0.1, webStorageEnabled=false, locationContextEnabled=false, takesScreenshot=true, javascriptEnabled=true, platformName=Android}]<br/>
Session ID: b396dffc-bec0-4b8d-9e3d-5d941790d475</b></a><br />
    <div class="stackTrace" id="exception-5">
              sun.reflect.NativeConstructorAccessorImpl.newInstance0(Native Method)<br />
              sun.reflect.NativeConstructorAccessorImpl.newInstance(NativeConstructorAccessorImpl.java:62)<br />
              sun.reflect.DelegatingConstructorAccessorImpl.newInstance(DelegatingConstructorAccessorImpl.java:45)<br />
              java.lang.reflect.Constructor.newInstance(Constructor.java:408)<br />
              org.openqa.selenium.remote.ErrorHandler.createThrowable(ErrorHandler.java:206)<br />
              org.openqa.selenium.remote.ErrorHandler.throwIfResponseFailed(ErrorHandler.java:158)<br />
              org.openqa.selenium.remote.RemoteWebDriver.execute(RemoteWebDriver.java:678)<br />
              io.appium.java_client.DefaultGenericMobileDriver.execute(DefaultGenericMobileDriver.java:43)<br />
              io.appium.java_client.AppiumDriver.execute(AppiumDriver.java:1)<br />
              io.appium.java_client.android.AndroidDriver.execute(AndroidDriver.java:1)<br />
              org.openqa.selenium.remote.RemoteWebElement.execute(RemoteWebElement.java:327)<br />
              io.appium.java_client.DefaultGenericMobileElement.execute(DefaultGenericMobileElement.java:37)<br />
              io.appium.java_client.MobileElement.execute(MobileElement.java:1)<br />
              io.appium.java_client.android.AndroidElement.execute(AndroidElement.java:1)<br />
              org.openqa.selenium.remote.RemoteWebElement.sendKeys(RemoteWebElement.java:122)<br />
              sun.reflect.NativeMethodAccessorImpl.invoke0(Native Method)<br />
              sun.reflect.NativeMethodAccessorImpl.invoke(NativeMethodAccessorImpl.java:62)<br />
              sun.reflect.DelegatingMethodAccessorImpl.invoke(DelegatingMethodAccessorImpl.java:43)<br />
              java.lang.reflect.Method.invoke(Method.java:483)<br />
              io.appium.java_client.pagefactory.ElementInterceptor.getObject(ElementInterceptor.java:39)<br />
              io.appium.java_client.pagefactory.interceptors.InterceptorOfASingleElement.intercept(InterceptorOfASingleElement.java:53)<br />
              io.appium.java_client.android.AndroidElement$$EnhancerByCGLIB$$1b753f7d.sendKeys(&lt;generated&gt;)<br />
              Com.smartshop2.Appium_SmartTests2.pages.RegistrationPage.setLastName(RegistrationPage.java:58)<br />
              Com.smartshop2.Appium_SmartTests2.tests.TestRegistration.testswipe(TestRegistration.java:36)<br />
              sun.reflect.NativeMethodAccessorImpl.invoke0(Native Method)<br />
              sun.reflect.NativeMethodAccessorImpl.invoke(NativeMethodAccessorImpl.java:62)<br />
              sun.reflect.DelegatingMethodAccessorImpl.invoke(DelegatingMethodAccessorImpl.java:43)<br />
              java.lang.reflect.Method.invoke(Method.java:483)<br />
              org.testng.internal.MethodInvocationHelper.invokeMethod(MethodInvocationHelper.java:84)<br />
              org.testng.internal.Invoker.invokeMethod(Invoker.java:714)<br />
              org.testng.internal.Invoker.invokeTestMethod(Invoker.java:901)<br />
              org.testng.internal.Invoker.invokeTestMethods(Invoker.java:1231)<br />
              org.testng.internal.TestMethodWorker.invokeTestMethods(TestMethodWorker.java:127)<br />
              org.testng.internal.TestMethodWorker.run(TestMethodWorker.java:111)<br />
              org.testng.TestRunner.privateRun(TestRunner.java:767)<br />
              org.testng.TestRunner.run(TestRunner.java:617)<br />
              org.testng.SuiteRunner.runTest(SuiteRunner.java:334)<br />
              org.testng.SuiteRunner.runSequentially(SuiteRunner.java:329)<br />
              org.testng.SuiteRunner.privateRun(SuiteRunner.java:291)<br />
              org.testng.SuiteRunner.run(SuiteRunner.java:240)<br />
              org.testng.SuiteRunnerWorker.runSuite(SuiteRunnerWorker.java:52)<br />
              org.testng.SuiteRunnerWorker.run(SuiteRunnerWorker.java:86)<br />
              org.testng.TestNG.runSuitesSequentially(TestNG.java:1224)<br />
              org.testng.TestNG.runSuitesLocally(TestNG.java:1149)<br />
              org.testng.TestNG.run(TestNG.java:1057)<br />
              org.testng.remote.RemoteTestNG.run(RemoteTestNG.java:111)<br />
              org.testng.remote.RemoteTestNG.initAndRun(RemoteTestNG.java:204)<br />
              org.testng.remote.RemoteTestNG.main(RemoteTestNG.java:175)<br />
                </div>
      </td>
</tr>
      </table>

  <table class="resultsTable" width="100%">
    <tr><th colspan="3" class="header skipped">Skipped Tests</th></tr>
          <tr>
        <td colspan="3" class="group">Com.smartshop2.Appium_SmartTests2.tests.TestAddNecterafterRegistration</td>
      </tr>
            
<tr>
  <td class="method">
                  necterafterRegistration
      </td>
  <td class="duration">
    0.001s
  </td>
  <td class="result">
                               
    
        

      </td>
</tr>
          <tr>
        <td colspan="3" class="group">Com.smartshop2.Appium_SmartTests2.tests.TestEmailAddressAlredyRegistered</td>
      </tr>
            
<tr>
  <td class="method">
                  emailaddressalreadyregistered
      </td>
  <td class="duration">
    0.000s
  </td>
  <td class="result">
                               
    
        

      </td>
</tr>
          <tr>
        <td colspan="3" class="group">Com.smartshop2.Appium_SmartTests2.tests.TestRegisterInterest</td>
      </tr>
            
<tr>
  <td class="method">
                  registerinterest
      </td>
  <td class="duration">
    0.000s
  </td>
  <td class="result">
                               
    
        

      </td>
</tr>
      </table>

  
</body>
</html>
