<?xml version="1.0" encoding="UTF-8"?>
<!-- Generated by org.testng.reporters.JUnitXMLReporter -->
<testsuite hostname="holbmac0323" name="AddList" tests="5" failures="1" timestamp="17 Aug 2016 09:31:56 GMT" time="990.252" errors="0">
  <testcase name="testCreateList" time="169.052" classname="com.smartshop.appiumtests.Appium_Tests.tests.TestWriteList"/>
  <testcase name="testSearch" time="146.586" classname="com.smartshop.appiumtests.Appium_Tests.tests.TestSearch"/>
  <testcase name="testscan" time="215.015" classname="com.smartshop.appiumtests.Appium_Tests.tests.TestScan"/>
  <testcase name="listinUse" time="73.152" classname="com.smartshop.appiumtests.Appium_Tests.tests.TestListinUse"/>
  <testcase name="addproductdetails" time="253.147" classname="com.smartshop.appiumtests.Appium_Tests.tests.TestAddproductdetails">
    <failure type="org.openqa.selenium.NoSuchElementException" message="An element could not be located on the page using the given search parameters. (WARNING: The server did not provide any stacktrace information)
Command duration or timeout: 60.21 seconds
For documentation on this error, please visit: http://seleniumhq.org/exceptions/no_such_element.html
Build info: version: &amp;apos;2.53.0&amp;apos;, revision: &amp;apos;35ae25b1534ae328c771e0856c93e187490ca824&amp;apos;, time: &amp;apos;2016-03-15 10:43:46&amp;apos;
System info: host: &amp;apos;holbmac0323&amp;apos;, ip: &amp;apos;10.152.250.155&amp;apos;, os.name: &amp;apos;Mac OS X&amp;apos;, os.arch: &amp;apos;x86_64&amp;apos;, os.version: &amp;apos;10.11.5&amp;apos;, java.version: &amp;apos;1.8.0_91&amp;apos;
Driver info: io.appium.java_client.android.AndroidDriver
Capabilities [{app=/Users/ramana.sadaneni/Downloads/smart_shop_mobile_QA_1.2.1_RC1.apk, appPackage=com.sainsburys.ssa.qa, networkConnectionEnabled=true, warnings={}, databaseEnabled=false, deviceName=8ee1c3c2, platform=LINUX, deviceUDID=8ee1c3c2, appActivity=com.sainsburys.ssa.activities.LauncherActivity, desired={app=/Users/ramana.sadaneni/Downloads/smart_shop_mobile_QA_1.2.1_RC1.apk, appPackage=com.sainsburys.ssa.qa, appActivity=com.sainsburys.ssa.activities.LauncherActivity, platformName=Android, deviceName=Android Device}, platformVersion=6.0.1, webStorageEnabled=false, locationContextEnabled=false, takesScreenshot=true, javascriptEnabled=true, platformName=Android}]
Session ID: 798bc75d-773d-4a78-9fb6-8714dc85bba6
*** Element info: {Using=id, value=custom_toast}">
      <![CDATA[org.openqa.selenium.NoSuchElementException: An element could not be located on the page using the given search parameters. (WARNING: The server did not provide any stacktrace information)
Command duration or timeout: 60.21 seconds
For documentation on this error, please visit: http://seleniumhq.org/exceptions/no_such_element.html
Build info: version: '2.53.0', revision: '35ae25b1534ae328c771e0856c93e187490ca824', time: '2016-03-15 10:43:46'
System info: host: 'holbmac0323', ip: '10.152.250.155', os.name: 'Mac OS X', os.arch: 'x86_64', os.version: '10.11.5', java.version: '1.8.0_91'
Driver info: io.appium.java_client.android.AndroidDriver
Capabilities [{app=/Users/ramana.sadaneni/Downloads/smart_shop_mobile_QA_1.2.1_RC1.apk, appPackage=com.sainsburys.ssa.qa, networkConnectionEnabled=true, warnings={}, databaseEnabled=false, deviceName=8ee1c3c2, platform=LINUX, deviceUDID=8ee1c3c2, appActivity=com.sainsburys.ssa.activities.LauncherActivity, desired={app=/Users/ramana.sadaneni/Downloads/smart_shop_mobile_QA_1.2.1_RC1.apk, appPackage=com.sainsburys.ssa.qa, appActivity=com.sainsburys.ssa.activities.LauncherActivity, platformName=Android, deviceName=Android Device}, platformVersion=6.0.1, webStorageEnabled=false, locationContextEnabled=false, takesScreenshot=true, javascriptEnabled=true, platformName=Android}]
Session ID: 798bc75d-773d-4a78-9fb6-8714dc85bba6
*** Element info: {Using=id, value=custom_toast}
	at org.openqa.selenium.remote.ErrorHandler.createThrowable(ErrorHandler.java:206)
	at org.openqa.selenium.remote.ErrorHandler.throwIfResponseFailed(ErrorHandler.java:158)
	at org.openqa.selenium.remote.RemoteWebDriver.execute(RemoteWebDriver.java:678)
	at io.appium.java_client.DefaultGenericMobileDriver.execute(DefaultGenericMobileDriver.java:43)
	at io.appium.java_client.AppiumDriver.execute(AppiumDriver.java:1)
	at io.appium.java_client.android.AndroidDriver.execute(AndroidDriver.java:1)
	at org.openqa.selenium.remote.RemoteWebDriver.findElement(RemoteWebDriver.java:363)
	at org.openqa.selenium.remote.RemoteWebDriver.findElementById(RemoteWebDriver.java:413)
	at io.appium.java_client.DefaultGenericMobileDriver.findElementById(DefaultGenericMobileDriver.java:59)
	at io.appium.java_client.AppiumDriver.findElementById(AppiumDriver.java:1)
	at io.appium.java_client.android.AndroidDriver.findElementById(AndroidDriver.java:1)
	at com.smartshop.appiumtests.Appium_Tests.tests.TestAddproductdetails.addproductdetails(TestAddproductdetails.java:35)
... Removed 28 stack frames]]>
    </failure>
  </testcase> <!-- addproductdetails -->
</testsuite> <!-- AddList -->
