<html>
<head>
<title>TestNG:  AddList</title>
<link href="../testng.css" rel="stylesheet" type="text/css" />
<link href="../my-testng.css" rel="stylesheet" type="text/css" />

<style type="text/css">
.log { display: none;} 
.stack-trace { display: none;} 
</style>
<script type="text/javascript">
<!--
function flip(e) {
  current = e.style.display;
  if (current == 'block') {
    e.style.display = 'none';
    return 0;
  }
  else {
    e.style.display = 'block';
    return 1;
  }
}

function toggleBox(szDivId, elem, msg1, msg2)
{
  var res = -1;  if (document.getElementById) {
    res = flip(document.getElementById(szDivId));
  }
  else if (document.all) {
    // this is the way old msie versions work
    res = flip(document.all[szDivId]);
  }
  if(elem) {
    if(res == 0) elem.innerHTML = msg1; else elem.innerHTML = msg2;
  }

}

function toggleAllBoxes() {
  if (document.getElementsByTagName) {
    d = document.getElementsByTagName('div');
    for (i = 0; i < d.length; i++) {
      if (d[i].className == 'log') {
        flip(d[i]);
      }
    }
  }
}

// -->
</script>

</head>
<body>
<h2 align='center'>AddList</h2><table border='1' align="center">
<tr>
<td>Tests passed/Failed/Skipped:</td><td>4/1/0</td>
</tr><tr>
<td>Started on:</td><td>Wed Aug 17 10:15:26 BST 2016</td>
</tr>
<tr><td>Total time:</td><td>990 seconds (990252 ms)</td>
</tr><tr>
<td>Included groups:</td><td></td>
</tr><tr>
<td>Excluded groups:</td><td></td>
</tr>
</table><p/>
<small><i>(Hover the method name to see the test class name)</i></small><p/>
<table width='100%' border='1' class='invocation-failed'>
<tr><td colspan='4' align='center'><b>FAILED TESTS</b></td></tr>
<tr><td><b>Test method</b></td>
<td width="30%"><b>Exception</b></td>
<td width="10%"><b>Time (seconds)</b></td>
<td><b>Instance</b></td>
</tr>
<tr>
<td title='com.smartshop.appiumtests.Appium_Tests.tests.TestAddproductdetails.addproductdetails()'><b>addproductdetails</b><br>Test class: com.smartshop.appiumtests.Appium_Tests.tests.TestAddproductdetails</td>
<td><div><pre>org.openqa.selenium.NoSuchElementException: An element could not be located on the page using the given search parameters. (WARNING: The server did not provide any stacktrace information)
Command duration or timeout: 60.21 seconds
For documentation on this error, please visit: http://seleniumhq.org/exceptions/no_such_element.html
Build info: version: &apos;2.53.0&apos;, revision: &apos;35ae25b1534ae328c771e0856c93e187490ca824&apos;, time: &apos;2016-03-15 10:43:46&apos;
System info: host: &apos;holbmac0323&apos;, ip: &apos;10.152.250.155&apos;, os.name: &apos;Mac OS X&apos;, os.arch: &apos;x86_64&apos;, os.version: &apos;10.11.5&apos;, java.version: &apos;1.8.0_91&apos;
Driver info: io.appium.java_client.android.AndroidDriver
Capabilities [{app=/Users/ramana.sadaneni/Downloads/smart_shop_mobile_QA_1.2.1_RC1.apk, appPackage=com.sainsburys.ssa.qa, networkConnectionEnabled=true, warnings={}, databaseEnabled=false, deviceName=8ee1c3c2, platform=LINUX, deviceUDID=8ee1c3c2, appActivity=com.sainsburys.ssa.activities.LauncherActivity, desired={app=/Users/ramana.sadaneni/Downloads/smart_shop_mobile_QA_1.2.1_RC1.apk, appPackage=com.sainsburys.ssa.qa, appActivity=com.sainsburys.ssa.activities.LauncherActivity, platformName=Android, deviceName=Android Device}, platformVersion=6.0.1, webStorageEnabled=false, locationContextEnabled=false, takesScreenshot=true, javascriptEnabled=true, platformName=Android}]
Session ID: 798bc75d-773d-4a78-9fb6-8714dc85bba6
*** Element info: {Using=id, value=custom_toast}
	at org.openqa.selenium.remote.ErrorHandler.createThrowable(ErrorHandler.java:206)
	at org.openqa.selenium.remote.ErrorHandler.throwIfResponseFailed(ErrorHandler.java:158)
	at org.openqa.selenium.remote.RemoteWebDriver.execute(RemoteWebDriver.java:678)
	at io.appium.java_client.DefaultGenericMobileDriver.execute(DefaultGenericMobileDriver.java:43)
	at io.appium.java_client.AppiumDriver.execute(AppiumDriver.java:1)
	at io.appium.java_client.android.AndroidDriver.execute(AndroidDriver.java:1)
	at org.openqa.selenium.remote.RemoteWebDriver.findElement(RemoteWebDriver.java:363)
	at org.openqa.selenium.remote.RemoteWebDriver.findElementById(RemoteWebDriver.java:413)
	at io.appium.java_client.DefaultGenericMobileDriver.findElementById(DefaultGenericMobileDriver.java:59)
	at io.appium.java_client.AppiumDriver.findElementById(AppiumDriver.java:1)
	at io.appium.java_client.android.AndroidDriver.findElementById(AndroidDriver.java:1)
	at com.smartshop.appiumtests.Appium_Tests.tests.TestAddproductdetails.addproductdetails(TestAddproductdetails.java:35)
... Removed 28 stack frames</pre></div><a href='#' onClick='toggleBox("stack-trace76659128", this, "Click to show all stack frames", "Click to hide stack frames")'>Click to show all stack frames</a>
<div class='stack-trace' id='stack-trace76659128'><pre>org.openqa.selenium.NoSuchElementException: An element could not be located on the page using the given search parameters. (WARNING: The server did not provide any stacktrace information)
Command duration or timeout: 60.21 seconds
For documentation on this error, please visit: http://seleniumhq.org/exceptions/no_such_element.html
Build info: version: &apos;2.53.0&apos;, revision: &apos;35ae25b1534ae328c771e0856c93e187490ca824&apos;, time: &apos;2016-03-15 10:43:46&apos;
System info: host: &apos;holbmac0323&apos;, ip: &apos;10.152.250.155&apos;, os.name: &apos;Mac OS X&apos;, os.arch: &apos;x86_64&apos;, os.version: &apos;10.11.5&apos;, java.version: &apos;1.8.0_91&apos;
Driver info: io.appium.java_client.android.AndroidDriver
Capabilities [{app=/Users/ramana.sadaneni/Downloads/smart_shop_mobile_QA_1.2.1_RC1.apk, appPackage=com.sainsburys.ssa.qa, networkConnectionEnabled=true, warnings={}, databaseEnabled=false, deviceName=8ee1c3c2, platform=LINUX, deviceUDID=8ee1c3c2, appActivity=com.sainsburys.ssa.activities.LauncherActivity, desired={app=/Users/ramana.sadaneni/Downloads/smart_shop_mobile_QA_1.2.1_RC1.apk, appPackage=com.sainsburys.ssa.qa, appActivity=com.sainsburys.ssa.activities.LauncherActivity, platformName=Android, deviceName=Android Device}, platformVersion=6.0.1, webStorageEnabled=false, locationContextEnabled=false, takesScreenshot=true, javascriptEnabled=true, platformName=Android}]
Session ID: 798bc75d-773d-4a78-9fb6-8714dc85bba6
*** Element info: {Using=id, value=custom_toast}
	at sun.reflect.NativeConstructorAccessorImpl.newInstance0(Native Method)
	at sun.reflect.NativeConstructorAccessorImpl.newInstance(NativeConstructorAccessorImpl.java:62)
	at sun.reflect.DelegatingConstructorAccessorImpl.newInstance(DelegatingConstructorAccessorImpl.java:45)
	at java.lang.reflect.Constructor.newInstance(Constructor.java:423)
	at org.openqa.selenium.remote.ErrorHandler.createThrowable(ErrorHandler.java:206)
	at org.openqa.selenium.remote.ErrorHandler.throwIfResponseFailed(ErrorHandler.java:158)
	at org.openqa.selenium.remote.RemoteWebDriver.execute(RemoteWebDriver.java:678)
	at io.appium.java_client.DefaultGenericMobileDriver.execute(DefaultGenericMobileDriver.java:43)
	at io.appium.java_client.AppiumDriver.execute(AppiumDriver.java:1)
	at io.appium.java_client.android.AndroidDriver.execute(AndroidDriver.java:1)
	at org.openqa.selenium.remote.RemoteWebDriver.findElement(RemoteWebDriver.java:363)
	at org.openqa.selenium.remote.RemoteWebDriver.findElementById(RemoteWebDriver.java:413)
	at io.appium.java_client.DefaultGenericMobileDriver.findElementById(DefaultGenericMobileDriver.java:59)
	at io.appium.java_client.AppiumDriver.findElementById(AppiumDriver.java:1)
	at io.appium.java_client.android.AndroidDriver.findElementById(AndroidDriver.java:1)
	at com.smartshop.appiumtests.Appium_Tests.tests.TestAddproductdetails.addproductdetails(TestAddproductdetails.java:35)
	at sun.reflect.NativeMethodAccessorImpl.invoke0(Native Method)
	at sun.reflect.NativeMethodAccessorImpl.invoke(NativeMethodAccessorImpl.java:62)
	at sun.reflect.DelegatingMethodAccessorImpl.invoke(DelegatingMethodAccessorImpl.java:43)
	at java.lang.reflect.Method.invoke(Method.java:498)
	at org.testng.internal.MethodInvocationHelper.invokeMethod(MethodInvocationHelper.java:86)
	at org.testng.internal.Invoker.invokeMethod(Invoker.java:643)
	at org.testng.internal.Invoker.invokeTestMethod(Invoker.java:820)
	at org.testng.internal.Invoker.invokeTestMethods(Invoker.java:1128)
	at org.testng.internal.TestMethodWorker.invokeTestMethods(TestMethodWorker.java:129)
	at org.testng.internal.TestMethodWorker.run(TestMethodWorker.java:112)
	at org.testng.TestRunner.privateRun(TestRunner.java:782)
	at org.testng.TestRunner.run(TestRunner.java:632)
	at org.testng.SuiteRunner.runTest(SuiteRunner.java:366)
	at org.testng.SuiteRunner.runSequentially(SuiteRunner.java:361)
	at org.testng.SuiteRunner.privateRun(SuiteRunner.java:319)
	at org.testng.SuiteRunner.run(SuiteRunner.java:268)
	at org.testng.SuiteRunnerWorker.runSuite(SuiteRunnerWorker.java:52)
	at org.testng.SuiteRunnerWorker.run(SuiteRunnerWorker.java:86)
	at org.testng.TestNG.runSuitesSequentially(TestNG.java:1244)
	at org.testng.TestNG.runSuitesLocally(TestNG.java:1169)
	at org.testng.TestNG.run(TestNG.java:1064)
	at org.testng.remote.AbstractRemoteTestNG.run(AbstractRemoteTestNG.java:126)
	at org.testng.remote.RemoteTestNG.initAndRun(RemoteTestNG.java:152)
	at org.testng.remote.RemoteTestNG.main(RemoteTestNG.java:57)
</pre></div></td>
<td>253</td>
<td>com.smartshop.appiumtests.Appium_Tests.tests.TestAddproductdetails@5ed828d</td></tr>
</table><p>
<table width='100%' border='1' class='invocation-passed'>
<tr><td colspan='4' align='center'><b>PASSED TESTS</b></td></tr>
<tr><td><b>Test method</b></td>
<td width="30%"><b>Exception</b></td>
<td width="10%"><b>Time (seconds)</b></td>
<td><b>Instance</b></td>
</tr>
<tr>
<td title='com.smartshop.appiumtests.Appium_Tests.tests.TestListinUse.listinUse()'><b>listinUse</b><br>Test class: com.smartshop.appiumtests.Appium_Tests.tests.TestListinUse</td>
<td></td>
<td>73</td>
<td>com.smartshop.appiumtests.Appium_Tests.tests.TestListinUse@371a67ec</td></tr>
<tr>
<td title='com.smartshop.appiumtests.Appium_Tests.tests.TestWriteList.testCreateList()'><b>testCreateList</b><br>Test class: com.smartshop.appiumtests.Appium_Tests.tests.TestWriteList</td>
<td></td>
<td>169</td>
<td>com.smartshop.appiumtests.Appium_Tests.tests.TestWriteList@12f41634</td></tr>
<tr>
<td title='com.smartshop.appiumtests.Appium_Tests.tests.TestSearch.testSearch()'><b>testSearch</b><br>Test class: com.smartshop.appiumtests.Appium_Tests.tests.TestSearch</td>
<td></td>
<td>146</td>
<td>com.smartshop.appiumtests.Appium_Tests.tests.TestSearch@13c27452</td></tr>
<tr>
<td title='com.smartshop.appiumtests.Appium_Tests.tests.TestScan.testscan()'><b>testscan</b><br>Test class: com.smartshop.appiumtests.Appium_Tests.tests.TestScan</td>
<td></td>
<td>215</td>
<td>com.smartshop.appiumtests.Appium_Tests.tests.TestScan@262b2c86</td></tr>
</table><p>
</body>
</html>