<html>
<head>
<title>TestNG:  login</title>
<link href="../testng.css" rel="stylesheet" type="text/css" />
<link href="../my-testng.css" rel="stylesheet" type="text/css" />

<style type="text/css">
.log { display: none;} 
.stack-trace { display: none;} 
</style>
<script type="text/javascript">
<!--
function flip(e) {
  current = e.style.display;
  if (current == 'block') {
    e.style.display = 'none';
    return 0;
  }
  else {
    e.style.display = 'block';
    return 1;
  }
}

function toggleBox(szDivId, elem, msg1, msg2)
{
  var res = -1;  if (document.getElementById) {
    res = flip(document.getElementById(szDivId));
  }
  else if (document.all) {
    // this is the way old msie versions work
    res = flip(document.all[szDivId]);
  }
  if(elem) {
    if(res == 0) elem.innerHTML = msg1; else elem.innerHTML = msg2;
  }

}

function toggleAllBoxes() {
  if (document.getElementsByTagName) {
    d = document.getElementsByTagName('div');
    for (i = 0; i < d.length; i++) {
      if (d[i].className == 'log') {
        flip(d[i]);
      }
    }
  }
}

// -->
</script>

</head>
<body>
<h2 align='center'>login</h2><table border='1' align="center">
<tr>
<td>Tests passed/Failed/Skipped:</td><td>3/0/1</td>
</tr><tr>
<td>Started on:</td><td>Fri Feb 17 15:06:04 GMT 2017</td>
</tr>
<tr><td>Total time:</td><td>251 seconds (251465 ms)</td>
</tr><tr>
<td>Included groups:</td><td></td>
</tr><tr>
<td>Excluded groups:</td><td></td>
</tr>
</table><p/>
<small><i>(Hover the method name to see the test class name)</i></small><p/>
<table width='100%' border='1' class='invocation-failed'>
<tr><td colspan='4' align='center'><b>FAILED CONFIGURATIONS</b></td></tr>
<tr><td><b>Test method</b></td>
<td width="30%"><b>Exception</b></td>
<td width="10%"><b>Time (seconds)</b></td>
<td><b>Instance</b></td>
</tr>
<tr>
<td title='Com.smartshop2.Appium_SmartTests2.tests.TestForgottenpassword.tearDown()'><b>tearDown</b><br>Test class: Com.smartshop2.Appium_SmartTests2.tests.TestForgottenpassword</td>
<td><div><pre>org.openqa.selenium.remote.SessionNotFoundException: A session is either terminated or not started (WARNING: The server did not provide any stacktrace information)
Command duration or timeout: 4 milliseconds
Build info: version: &apos;2.53.0&apos;, revision: &apos;35ae25b1534ae328c771e0856c93e187490ca824&apos;, time: &apos;2016-03-15 10:43:46&apos;
System info: host: &apos;SANDEEPs-MacBook-Pro-2.local&apos;, ip: &apos;172.24.80.191&apos;, os.name: &apos;Mac OS X&apos;, os.arch: &apos;x86_64&apos;, os.version: &apos;10.9.5&apos;, java.version: &apos;1.8.0_31&apos;
Driver info: io.appium.java_client.android.AndroidDriver
Capabilities [{app=/Users/sandeepgangireddy/Downloads/0005-smart_shop_mobile-2.2.1_BUILD_0005-autoqa.apk, appPackage=com.sainsburys.ssa.auto_qa, networkConnectionEnabled=true, warnings={}, databaseEnabled=false, deviceName=8e71d3c1, platform=LINUX, deviceUDID=8e71d3c1, appActivity=com.sainsburys.ssa.activities.LauncherActivity, desired={app=/Users/sandeepgangireddy/Downloads/0005-smart_shop_mobile-2.2.1_BUILD_0005-autoqa.apk, appPackage=com.sainsburys.ssa.auto_qa, appActivity=com.sainsburys.ssa.activities.LauncherActivity, platformName=Android, deviceName=Android Device}, platformVersion=6.0.1, webStorageEnabled=false, locationContextEnabled=false, takesScreenshot=true, javascriptEnabled=true, platformName=Android}]
Session ID: 9486690f-7642-4466-9fdd-2c4a8a2773a0
	at org.openqa.selenium.remote.ErrorHandler.createThrowable(ErrorHandler.java:206)
	at org.openqa.selenium.remote.ErrorHandler.throwIfResponseFailed(ErrorHandler.java:158)
	at org.openqa.selenium.remote.RemoteWebDriver.execute(RemoteWebDriver.java:678)
	at io.appium.java_client.DefaultGenericMobileDriver.execute(DefaultGenericMobileDriver.java:43)
	at io.appium.java_client.AppiumDriver.execute(AppiumDriver.java:216)
	at org.openqa.selenium.remote.RemoteWebDriver.quit(RemoteWebDriver.java:526)
	at Com.smartshop2.Appium_SmartTests2.tests.TestBase.tearDown(TestBase.java:100)
... Removed 30 stack frames</pre></div><a href='#' onClick='toggleBox("stack-trace1530446316", this, "Click to show all stack frames", "Click to hide stack frames")'>Click to show all stack frames</a>
<div class='stack-trace' id='stack-trace1530446316'><pre>org.openqa.selenium.remote.SessionNotFoundException: A session is either terminated or not started (WARNING: The server did not provide any stacktrace information)
Command duration or timeout: 4 milliseconds
Build info: version: &apos;2.53.0&apos;, revision: &apos;35ae25b1534ae328c771e0856c93e187490ca824&apos;, time: &apos;2016-03-15 10:43:46&apos;
System info: host: &apos;SANDEEPs-MacBook-Pro-2.local&apos;, ip: &apos;172.24.80.191&apos;, os.name: &apos;Mac OS X&apos;, os.arch: &apos;x86_64&apos;, os.version: &apos;10.9.5&apos;, java.version: &apos;1.8.0_31&apos;
Driver info: io.appium.java_client.android.AndroidDriver
Capabilities [{app=/Users/sandeepgangireddy/Downloads/0005-smart_shop_mobile-2.2.1_BUILD_0005-autoqa.apk, appPackage=com.sainsburys.ssa.auto_qa, networkConnectionEnabled=true, warnings={}, databaseEnabled=false, deviceName=8e71d3c1, platform=LINUX, deviceUDID=8e71d3c1, appActivity=com.sainsburys.ssa.activities.LauncherActivity, desired={app=/Users/sandeepgangireddy/Downloads/0005-smart_shop_mobile-2.2.1_BUILD_0005-autoqa.apk, appPackage=com.sainsburys.ssa.auto_qa, appActivity=com.sainsburys.ssa.activities.LauncherActivity, platformName=Android, deviceName=Android Device}, platformVersion=6.0.1, webStorageEnabled=false, locationContextEnabled=false, takesScreenshot=true, javascriptEnabled=true, platformName=Android}]
Session ID: 9486690f-7642-4466-9fdd-2c4a8a2773a0
	at sun.reflect.NativeConstructorAccessorImpl.newInstance0(Native Method)
	at sun.reflect.NativeConstructorAccessorImpl.newInstance(NativeConstructorAccessorImpl.java:62)
	at sun.reflect.DelegatingConstructorAccessorImpl.newInstance(DelegatingConstructorAccessorImpl.java:45)
	at java.lang.reflect.Constructor.newInstance(Constructor.java:408)
	at org.openqa.selenium.remote.ErrorHandler.createThrowable(ErrorHandler.java:206)
	at org.openqa.selenium.remote.ErrorHandler.throwIfResponseFailed(ErrorHandler.java:158)
	at org.openqa.selenium.remote.RemoteWebDriver.execute(RemoteWebDriver.java:678)
	at io.appium.java_client.DefaultGenericMobileDriver.execute(DefaultGenericMobileDriver.java:43)
	at io.appium.java_client.AppiumDriver.execute(AppiumDriver.java:216)
	at org.openqa.selenium.remote.RemoteWebDriver.quit(RemoteWebDriver.java:526)
	at Com.smartshop2.Appium_SmartTests2.tests.TestBase.tearDown(TestBase.java:100)
	at sun.reflect.NativeMethodAccessorImpl.invoke0(Native Method)
	at sun.reflect.NativeMethodAccessorImpl.invoke(NativeMethodAccessorImpl.java:62)
	at sun.reflect.DelegatingMethodAccessorImpl.invoke(DelegatingMethodAccessorImpl.java:43)
	at java.lang.reflect.Method.invoke(Method.java:483)
	at org.testng.internal.MethodInvocationHelper.invokeMethod(MethodInvocationHelper.java:84)
	at org.testng.internal.Invoker.invokeConfigurationMethod(Invoker.java:564)
	at org.testng.internal.Invoker.invokeConfigurations(Invoker.java:213)
	at org.testng.internal.Invoker.invokeMethod(Invoker.java:786)
	at org.testng.internal.Invoker.invokeTestMethod(Invoker.java:901)
	at org.testng.internal.Invoker.invokeTestMethods(Invoker.java:1231)
	at org.testng.internal.TestMethodWorker.invokeTestMethods(TestMethodWorker.java:127)
	at org.testng.internal.TestMethodWorker.run(TestMethodWorker.java:111)
	at org.testng.TestRunner.privateRun(TestRunner.java:767)
	at org.testng.TestRunner.run(TestRunner.java:617)
	at org.testng.SuiteRunner.runTest(SuiteRunner.java:334)
	at org.testng.SuiteRunner.runSequentially(SuiteRunner.java:329)
	at org.testng.SuiteRunner.privateRun(SuiteRunner.java:291)
	at org.testng.SuiteRunner.run(SuiteRunner.java:240)
	at org.testng.SuiteRunnerWorker.runSuite(SuiteRunnerWorker.java:52)
	at org.testng.SuiteRunnerWorker.run(SuiteRunnerWorker.java:86)
	at org.testng.TestNG.runSuitesSequentially(TestNG.java:1224)
	at org.testng.TestNG.runSuitesLocally(TestNG.java:1149)
	at org.testng.TestNG.run(TestNG.java:1057)
	at org.testng.remote.RemoteTestNG.run(RemoteTestNG.java:111)
	at org.testng.remote.RemoteTestNG.initAndRun(RemoteTestNG.java:204)
	at org.testng.remote.RemoteTestNG.main(RemoteTestNG.java:175)
</pre></div></td>
<td>0</td>
<td>Com.smartshop2.Appium_SmartTests2.tests.TestForgottenpassword@464bee09</td></tr>
</table><p>
<table width='100%' border='1' class='invocation-skipped'>
<tr><td colspan='4' align='center'><b>SKIPPED CONFIGURATIONS</b></td></tr>
<tr><td><b>Test method</b></td>
<td width="30%"><b>Exception</b></td>
<td width="10%"><b>Time (seconds)</b></td>
<td><b>Instance</b></td>
</tr>
<tr>
<td title='Com.smartshop2.Appium_SmartTests2.tests.TestMinPasswordErrorMessage.setUp()'><b>setUp</b><br>Test class: Com.smartshop2.Appium_SmartTests2.tests.TestMinPasswordErrorMessage</td>
<td></td>
<td>0</td>
<td>Com.smartshop2.Appium_SmartTests2.tests.TestMinPasswordErrorMessage@4dfa3a9d</td></tr>
<tr>
<td title='Com.smartshop2.Appium_SmartTests2.tests.TestMinPasswordErrorMessage.tearDown()'><b>tearDown</b><br>Test class: Com.smartshop2.Appium_SmartTests2.tests.TestMinPasswordErrorMessage</td>
<td></td>
<td>0</td>
<td>Com.smartshop2.Appium_SmartTests2.tests.TestMinPasswordErrorMessage@4dfa3a9d</td></tr>
</table><p>
<table width='100%' border='1' class='invocation-passed'>
<tr><td colspan='4' align='center'><b>PASSED TESTS</b></td></tr>
<tr><td><b>Test method</b></td>
<td width="30%"><b>Exception</b></td>
<td width="10%"><b>Time (seconds)</b></td>
<td><b>Instance</b></td>
</tr>
<tr>
<td title='Com.smartshop2.Appium_SmartTests2.tests.TestForgottenpassword.forgotpassword()'><b>forgotpassword</b><br>Test class: Com.smartshop2.Appium_SmartTests2.tests.TestForgottenpassword<br/>
<a href="#Output-770010802" onClick='toggleBox("Output-770010802", this, "Show output", "Hide output");'>Show output</a>

<a href="#Output-770010802" onClick="toggleAllBoxes();">Show all outputs</a>
<div class='log' id="Output-770010802">
<p>1. <b>swipe:</b> swipe the screens</p><br/>
<p>2. <b>Home:</b> click on home login button</p><br/>
<p>3. <b>Login:</b> enter user with only user name </p><br/>
<p>4. <b>error messsage:</b> verify the message is present</p><br/>
</div>
</td>
<td></td>
<td>48</td>
<td>Com.smartshop2.Appium_SmartTests2.tests.TestForgottenpassword@464bee09</td></tr>
<tr>
<td title='Com.smartshop2.Appium_SmartTests2.tests.TestLogin.testswipe()'><b>testswipe</b><br>Test class: Com.smartshop2.Appium_SmartTests2.tests.TestLogin<br/>
<a href="#Output-926434463" onClick='toggleBox("Output-926434463", this, "Show output", "Hide output");'>Show output</a>

<a href="#Output-926434463" onClick="toggleAllBoxes();">Show all outputs</a>
<div class='log' id="Output-926434463">
<p>1. <b>Swipe:</b> swipe the screens</p><br/>
<p>2. <b>Home:</b> click on login button</p><br/>
<p>3. <b>Login:</b> login with valid detsils</p><br/>
<p>4. <b>store:</b> select the particular store</p><br/>
</div>
</td>
<td></td>
<td>59</td>
<td>Com.smartshop2.Appium_SmartTests2.tests.TestLogin@6093dd95</td></tr>
<tr>
<td title='Com.smartshop2.Appium_SmartTests2.tests.TestInvalidLogin.tetsinvalidlogin()'><b>tetsinvalidlogin</b><br>Test class: Com.smartshop2.Appium_SmartTests2.tests.TestInvalidLogin<br/>
<a href="#Output-93740343" onClick='toggleBox("Output-93740343", this, "Show output", "Hide output");'>Show output</a>

<a href="#Output-93740343" onClick="toggleAllBoxes();">Show all outputs</a>
<div class='log' id="Output-93740343">
<p>1. <b>Swipe:</b> swipe the screens</p><br/>
<p>2. <b>Home:</b> click on login button</p><br/>
<p>3. <b>Login:</b> login with invalid credentials</p><br/>
<p>4. <b>Popup:</b> Handling the popupokbutton</p><br/>
</div>
</td>
<td></td>
<td>56</td>
<td>Com.smartshop2.Appium_SmartTests2.tests.TestInvalidLogin@6eebc39e</td></tr>
</table><p>
<table width='100%' border='1' class='invocation-skipped'>
<tr><td colspan='4' align='center'><b>SKIPPED TESTS</b></td></tr>
<tr><td><b>Test method</b></td>
<td width="30%"><b>Exception</b></td>
<td width="10%"><b>Time (seconds)</b></td>
<td><b>Instance</b></td>
</tr>
<tr>
<td title='Com.smartshop2.Appium_SmartTests2.tests.TestMinPasswordErrorMessage.loginerrormessage()'><b>loginerrormessage</b><br>Test class: Com.smartshop2.Appium_SmartTests2.tests.TestMinPasswordErrorMessage</td>
<td></td>
<td>0</td>
<td>Com.smartshop2.Appium_SmartTests2.tests.TestMinPasswordErrorMessage@4dfa3a9d</td></tr>
</table><p>
</body>
</html>