<?xml version="1.0" encoding="UTF-8"?>
<!-- Generated by org.testng.reporters.JUnitXMLReporter -->
<testsuite hostname="SANDEEPs-MacBook-Pro-2.local" name="login" tests="4" failures="0" timestamp="17 Feb 2017 15:34:44 GMT" time="251.465" errors="0">
  <testcase name="@AfterMethod tearDown" time="0.0" classname="Com.smartshop2.Appium_SmartTests2.tests.TestForgottenpassword">
    <failure type="org.openqa.selenium.remote.SessionNotFoundException" message="A session is either terminated or not started (WARNING: The server did not provide any stacktrace information)
Command duration or timeout: 4 milliseconds
Build info: version: &amp;apos;2.53.0&amp;apos;, revision: &amp;apos;35ae25b1534ae328c771e0856c93e187490ca824&amp;apos;, time: &amp;apos;2016-03-15 10:43:46&amp;apos;
System info: host: &amp;apos;SANDEEPs-MacBook-Pro-2.local&amp;apos;, ip: &amp;apos;172.24.80.191&amp;apos;, os.name: &amp;apos;Mac OS X&amp;apos;, os.arch: &amp;apos;x86_64&amp;apos;, os.version: &amp;apos;10.9.5&amp;apos;, java.version: &amp;apos;1.8.0_31&amp;apos;
Driver info: io.appium.java_client.android.AndroidDriver
Capabilities [{app=/Users/sandeepgangireddy/Downloads/0005-smart_shop_mobile-2.2.1_BUILD_0005-autoqa.apk, appPackage=com.sainsburys.ssa.auto_qa, networkConnectionEnabled=true, warnings={}, databaseEnabled=false, deviceName=8e71d3c1, platform=LINUX, deviceUDID=8e71d3c1, appActivity=com.sainsburys.ssa.activities.LauncherActivity, desired={app=/Users/sandeepgangireddy/Downloads/0005-smart_shop_mobile-2.2.1_BUILD_0005-autoqa.apk, appPackage=com.sainsburys.ssa.auto_qa, appActivity=com.sainsburys.ssa.activities.LauncherActivity, platformName=Android, deviceName=Android Device}, platformVersion=6.0.1, webStorageEnabled=false, locationContextEnabled=false, takesScreenshot=true, javascriptEnabled=true, platformName=Android}]
Session ID: 9486690f-7642-4466-9fdd-2c4a8a2773a0">
      <![CDATA[org.openqa.selenium.remote.SessionNotFoundException: A session is either terminated or not started (WARNING: The server did not provide any stacktrace information)
Command duration or timeout: 4 milliseconds
Build info: version: '2.53.0', revision: '35ae25b1534ae328c771e0856c93e187490ca824', time: '2016-03-15 10:43:46'
System info: host: 'SANDEEPs-MacBook-Pro-2.local', ip: '172.24.80.191', os.name: 'Mac OS X', os.arch: 'x86_64', os.version: '10.9.5', java.version: '1.8.0_31'
Driver info: io.appium.java_client.android.AndroidDriver
Capabilities [{app=/Users/sandeepgangireddy/Downloads/0005-smart_shop_mobile-2.2.1_BUILD_0005-autoqa.apk, appPackage=com.sainsburys.ssa.auto_qa, networkConnectionEnabled=true, warnings={}, databaseEnabled=false, deviceName=8e71d3c1, platform=LINUX, deviceUDID=8e71d3c1, appActivity=com.sainsburys.ssa.activities.LauncherActivity, desired={app=/Users/sandeepgangireddy/Downloads/0005-smart_shop_mobile-2.2.1_BUILD_0005-autoqa.apk, appPackage=com.sainsburys.ssa.auto_qa, appActivity=com.sainsburys.ssa.activities.LauncherActivity, platformName=Android, deviceName=Android Device}, platformVersion=6.0.1, webStorageEnabled=false, locationContextEnabled=false, takesScreenshot=true, javascriptEnabled=true, platformName=Android}]
Session ID: 9486690f-7642-4466-9fdd-2c4a8a2773a0
	at org.openqa.selenium.remote.ErrorHandler.createThrowable(ErrorHandler.java:206)
	at org.openqa.selenium.remote.ErrorHandler.throwIfResponseFailed(ErrorHandler.java:158)
	at org.openqa.selenium.remote.RemoteWebDriver.execute(RemoteWebDriver.java:678)
	at io.appium.java_client.DefaultGenericMobileDriver.execute(DefaultGenericMobileDriver.java:43)
	at io.appium.java_client.AppiumDriver.execute(AppiumDriver.java:216)
	at org.openqa.selenium.remote.RemoteWebDriver.quit(RemoteWebDriver.java:526)
	at Com.smartshop2.Appium_SmartTests2.tests.TestBase.tearDown(TestBase.java:100)
... Removed 30 stack frames]]>
    </failure>
  </testcase> <!-- @AfterMethod tearDown -->
  <testcase name="@BeforeMethod setUp" time="0.0" classname="Com.smartshop2.Appium_SmartTests2.tests.TestMinPasswordErrorMessage">
    <skipped/>
  </testcase> <!-- @BeforeMethod setUp -->
  <testcase name="@AfterMethod tearDown" time="0.0" classname="Com.smartshop2.Appium_SmartTests2.tests.TestMinPasswordErrorMessage">
    <skipped/>
  </testcase> <!-- @AfterMethod tearDown -->
  <testcase name="testswipe" time="59.348" classname="Com.smartshop2.Appium_SmartTests2.tests.TestLogin"/>
  <testcase name="tetsinvalidlogin" time="56.997" classname="Com.smartshop2.Appium_SmartTests2.tests.TestInvalidLogin"/>
  <testcase name="forgotpassword" time="48.504" classname="Com.smartshop2.Appium_SmartTests2.tests.TestForgottenpassword"/>
  <testcase name="loginerrormessage" time="0.0" classname="Com.smartshop2.Appium_SmartTests2.tests.TestMinPasswordErrorMessage">
    <skipped/>
  </testcase> <!-- loginerrormessage -->
</testsuite> <!-- login -->
