<?xml version="1.0" encoding="UTF-8"?>
<!-- Generated by org.testng.reporters.JUnitXMLReporter -->
<testsuite hostname="SANDEEPs-MacBook-Pro-2.local" name="Registration" tests="4" failures="1" timestamp="17 Feb 2017 15:38:32 GMT" time="227.611" errors="0">
  <testcase name="@BeforeMethod setUp" time="0.0" classname="Com.smartshop2.Appium_SmartTests2.tests.TestRegisterInterest">
    <failure type="org.openqa.selenium.WebDriverException" message="An unknown server-side error occurred while processing the command. Original error: Error executing adbExec. Original error: Command &amp;apos;/Users/sandeepgangireddy/Library/Android/sdk/platform-tools/adb -P 5037 -s 8e71d3c1 install /usr/local/lib/node_modules/appium/node_modules/appium-android-driver/node_modules/appium-unlock/bin/unlock_apk-debug.apk&amp;apos; timed out after 60000ms{&amp;quot;stdout&amp;quot;:&amp;quot;&amp;quot;,&amp;quot;stderr&amp;quot;:&amp;quot;error: device not found\n- waiting for device -\n&amp;quot;,&amp;quot;code&amp;quot;:null} (WARNING: The server did not provide any stacktrace information)
Command duration or timeout: 122.59 seconds
Build info: version: &amp;apos;2.53.0&amp;apos;, revision: &amp;apos;35ae25b1534ae328c771e0856c93e187490ca824&amp;apos;, time: &amp;apos;2016-03-15 10:43:46&amp;apos;
System info: host: &amp;apos;SANDEEPs-MacBook-Pro-2.local&amp;apos;, ip: &amp;apos;172.24.80.191&amp;apos;, os.name: &amp;apos;Mac OS X&amp;apos;, os.arch: &amp;apos;x86_64&amp;apos;, os.version: &amp;apos;10.9.5&amp;apos;, java.version: &amp;apos;1.8.0_31&amp;apos;
Driver info: io.appium.java_client.android.AndroidDriver">
      <![CDATA[org.openqa.selenium.WebDriverException: An unknown server-side error occurred while processing the command. Original error: Error executing adbExec. Original error: Command '/Users/sandeepgangireddy/Library/Android/sdk/platform-tools/adb -P 5037 -s 8e71d3c1 install /usr/local/lib/node_modules/appium/node_modules/appium-android-driver/node_modules/appium-unlock/bin/unlock_apk-debug.apk' timed out after 60000ms{"stdout":"","stderr":"error: device not found\n- waiting for device -\n","code":null} (WARNING: The server did not provide any stacktrace information)
Command duration or timeout: 122.59 seconds
Build info: version: '2.53.0', revision: '35ae25b1534ae328c771e0856c93e187490ca824', time: '2016-03-15 10:43:46'
System info: host: 'SANDEEPs-MacBook-Pro-2.local', ip: '172.24.80.191', os.name: 'Mac OS X', os.arch: 'x86_64', os.version: '10.9.5', java.version: '1.8.0_31'
Driver info: io.appium.java_client.android.AndroidDriver
	at org.openqa.selenium.remote.ErrorHandler.createThrowable(ErrorHandler.java:206)
	at org.openqa.selenium.remote.ErrorHandler.throwIfResponseFailed(ErrorHandler.java:158)
	at org.openqa.selenium.remote.RemoteWebDriver.execute(RemoteWebDriver.java:678)
	at io.appium.java_client.DefaultGenericMobileDriver.execute(DefaultGenericMobileDriver.java:43)
	at io.appium.java_client.AppiumDriver.execute(AppiumDriver.java:1)
	at io.appium.java_client.android.AndroidDriver.execute(AndroidDriver.java:1)
	at org.openqa.selenium.remote.RemoteWebDriver.startSession(RemoteWebDriver.java:249)
	at org.openqa.selenium.remote.RemoteWebDriver.<init>(RemoteWebDriver.java:131)
	at org.openqa.selenium.remote.RemoteWebDriver.<init>(RemoteWebDriver.java:144)
	at io.appium.java_client.DefaultGenericMobileDriver.<init>(DefaultGenericMobileDriver.java:39)
	at io.appium.java_client.AppiumDriver.<init>(AppiumDriver.java:69)
	at io.appium.java_client.AppiumDriver.<init>(AppiumDriver.java:78)
	at io.appium.java_client.android.AndroidDriver.<init>(AndroidDriver.java:67)
	at Com.smartshop2.Appium_SmartTests2.tests.TestBase.setUp(TestBase.java:80)
... Removed 30 stack frames]]>
    </failure>
  </testcase> <!-- @BeforeMethod setUp -->
  <testcase name="@AfterMethod tearDown" time="0.0" classname="Com.smartshop2.Appium_SmartTests2.tests.TestRegisterInterest">
    <skipped/>
  </testcase> <!-- @AfterMethod tearDown -->
  <testcase name="@BeforeMethod setUp" time="0.0" classname="Com.smartshop2.Appium_SmartTests2.tests.TestAddNecterafterRegistration">
    <skipped/>
  </testcase> <!-- @BeforeMethod setUp -->
  <testcase name="@AfterMethod tearDown" time="0.0" classname="Com.smartshop2.Appium_SmartTests2.tests.TestAddNecterafterRegistration">
    <skipped/>
  </testcase> <!-- @AfterMethod tearDown -->
  <testcase name="@BeforeMethod setUp" time="0.0" classname="Com.smartshop2.Appium_SmartTests2.tests.TestEmailAddressAlredyRegistered">
    <skipped/>
  </testcase> <!-- @BeforeMethod setUp -->
  <testcase name="@AfterMethod tearDown" time="0.0" classname="Com.smartshop2.Appium_SmartTests2.tests.TestEmailAddressAlredyRegistered">
    <skipped/>
  </testcase> <!-- @AfterMethod tearDown -->
  <testcase name="testswipe" time="71.611" classname="Com.smartshop2.Appium_SmartTests2.tests.TestRegistration">
    <failure type="org.openqa.selenium.NoSuchElementException" message="An element could not be located on the page using the given search parameters. (WARNING: The server did not provide any stacktrace information)
Command duration or timeout: 37.58 seconds
For documentation on this error, please visit: http://seleniumhq.org/exceptions/no_such_element.html
Build info: version: &amp;apos;2.53.0&amp;apos;, revision: &amp;apos;35ae25b1534ae328c771e0856c93e187490ca824&amp;apos;, time: &amp;apos;2016-03-15 10:43:46&amp;apos;
System info: host: &amp;apos;SANDEEPs-MacBook-Pro-2.local&amp;apos;, ip: &amp;apos;172.24.80.191&amp;apos;, os.name: &amp;apos;Mac OS X&amp;apos;, os.arch: &amp;apos;x86_64&amp;apos;, os.version: &amp;apos;10.9.5&amp;apos;, java.version: &amp;apos;1.8.0_31&amp;apos;
Driver info: io.appium.java_client.android.AndroidDriver
Capabilities [{app=/Users/sandeepgangireddy/Downloads/0005-smart_shop_mobile-2.2.1_BUILD_0005-autoqa.apk, appPackage=com.sainsburys.ssa.auto_qa, networkConnectionEnabled=true, warnings={}, databaseEnabled=false, deviceName=8e71d3c1, platform=LINUX, deviceUDID=8e71d3c1, appActivity=com.sainsburys.ssa.activities.LauncherActivity, desired={app=/Users/sandeepgangireddy/Downloads/0005-smart_shop_mobile-2.2.1_BUILD_0005-autoqa.apk, appPackage=com.sainsburys.ssa.auto_qa, appActivity=com.sainsburys.ssa.activities.LauncherActivity, platformName=Android, deviceName=Android Device}, platformVersion=6.0.1, webStorageEnabled=false, locationContextEnabled=false, takesScreenshot=true, javascriptEnabled=true, platformName=Android}]
Session ID: b396dffc-bec0-4b8d-9e3d-5d941790d475">
      <![CDATA[org.openqa.selenium.NoSuchElementException: An element could not be located on the page using the given search parameters. (WARNING: The server did not provide any stacktrace information)
Command duration or timeout: 37.58 seconds
For documentation on this error, please visit: http://seleniumhq.org/exceptions/no_such_element.html
Build info: version: '2.53.0', revision: '35ae25b1534ae328c771e0856c93e187490ca824', time: '2016-03-15 10:43:46'
System info: host: 'SANDEEPs-MacBook-Pro-2.local', ip: '172.24.80.191', os.name: 'Mac OS X', os.arch: 'x86_64', os.version: '10.9.5', java.version: '1.8.0_31'
Driver info: io.appium.java_client.android.AndroidDriver
Capabilities [{app=/Users/sandeepgangireddy/Downloads/0005-smart_shop_mobile-2.2.1_BUILD_0005-autoqa.apk, appPackage=com.sainsburys.ssa.auto_qa, networkConnectionEnabled=true, warnings={}, databaseEnabled=false, deviceName=8e71d3c1, platform=LINUX, deviceUDID=8e71d3c1, appActivity=com.sainsburys.ssa.activities.LauncherActivity, desired={app=/Users/sandeepgangireddy/Downloads/0005-smart_shop_mobile-2.2.1_BUILD_0005-autoqa.apk, appPackage=com.sainsburys.ssa.auto_qa, appActivity=com.sainsburys.ssa.activities.LauncherActivity, platformName=Android, deviceName=Android Device}, platformVersion=6.0.1, webStorageEnabled=false, locationContextEnabled=false, takesScreenshot=true, javascriptEnabled=true, platformName=Android}]
Session ID: b396dffc-bec0-4b8d-9e3d-5d941790d475
	at org.openqa.selenium.remote.ErrorHandler.createThrowable(ErrorHandler.java:206)
	at org.openqa.selenium.remote.ErrorHandler.throwIfResponseFailed(ErrorHandler.java:158)
	at org.openqa.selenium.remote.RemoteWebDriver.execute(RemoteWebDriver.java:678)
	at io.appium.java_client.DefaultGenericMobileDriver.execute(DefaultGenericMobileDriver.java:43)
	at io.appium.java_client.AppiumDriver.execute(AppiumDriver.java:1)
	at io.appium.java_client.android.AndroidDriver.execute(AndroidDriver.java:1)
	at org.openqa.selenium.remote.RemoteWebElement.execute(RemoteWebElement.java:327)
	at io.appium.java_client.DefaultGenericMobileElement.execute(DefaultGenericMobileElement.java:37)
	at io.appium.java_client.MobileElement.execute(MobileElement.java:1)
	at io.appium.java_client.android.AndroidElement.execute(AndroidElement.java:1)
	at org.openqa.selenium.remote.RemoteWebElement.sendKeys(RemoteWebElement.java:122)
	at io.appium.java_client.pagefactory.ElementInterceptor.getObject(ElementInterceptor.java:39)
	at io.appium.java_client.pagefactory.interceptors.InterceptorOfASingleElement.intercept(InterceptorOfASingleElement.java:53)
	at io.appium.java_client.android.AndroidElement$$EnhancerByCGLIB$$1b753f7d.sendKeys(<generated>)
	at Com.smartshop2.Appium_SmartTests2.pages.RegistrationPage.setLastName(RegistrationPage.java:58)
	at Com.smartshop2.Appium_SmartTests2.tests.TestRegistration.testswipe(TestRegistration.java:36)
... Removed 32 stack frames]]>
    </failure>
  </testcase> <!-- testswipe -->
  <testcase name="registerinterest" time="0.0" classname="Com.smartshop2.Appium_SmartTests2.tests.TestRegisterInterest">
    <skipped/>
  </testcase> <!-- registerinterest -->
  <testcase name="necterafterRegistration" time="0.001" classname="Com.smartshop2.Appium_SmartTests2.tests.TestAddNecterafterRegistration">
    <skipped/>
  </testcase> <!-- necterafterRegistration -->
  <testcase name="emailaddressalreadyregistered" time="0.0" classname="Com.smartshop2.Appium_SmartTests2.tests.TestEmailAddressAlredyRegistered">
    <skipped/>
  </testcase> <!-- emailaddressalreadyregistered -->
</testsuite> <!-- Registration -->
